<?xml version="1.0" encoding="UTF-8"?>
<!-- Generated by org.testng.reporters.JUnitReportReporter -->
<testsuite hostname="DESKTOP-VEN22LT" failures="0" tests="1" name="test.login" time="7.147" errors="0" timestamp="2025-10-08T10:10:53 PKT" skipped="0">
  <testcase classname="test.login" name="verifyITUserLogin" time="7.147"/>
</testsuite> <!-- test.login -->
